# run-gate 2026-07-04T11:07:44Z — commit ships with this log
PASS    0.0s  patterns/architecture/cqrs_bus.py
PASS    0.6s  patterns/architecture/event_bus.py
PASS    0.1s  patterns/architecture/event_sourcing_store.py
PASS    0.0s  patterns/architecture/message_encoder.py
PASS    0.0s  patterns/architecture/plugin_registry.py
PASS    0.0s  patterns/architecture/saga_coordinator.py
PASS    0.0s  patterns/architecture/state_machine.py
PASS    5.1s  patterns/async/async_task_queue.py
PASS    0.9s  patterns/async/cancellable_task_group.py
PASS    0.6s  patterns/async/priority_queue_scheduler.py
PASS    0.1s  patterns/async/pubsub_broker.py
PASS    0.0s  patterns/async/reactive_signals.py
PASS    0.0s  patterns/data_structures/avl_tree.py
PASS    0.0s  patterns/data_structures/binary_indexed_tree.py
PASS    0.0s  patterns/data_structures/bloom_filter.py
PASS    0.0s  patterns/data_structures/fenwick_tree.py
PASS    0.0s  patterns/data_structures/interval_tree.py
PASS    0.0s  patterns/data_structures/kd_tree.py
PASS    0.0s  patterns/data_structures/merkle_tree.py
PASS    0.0s  patterns/data_structures/ordered_map.py
PASS    0.0s  patterns/data_structures/persistent_deque.py
PASS    0.0s  patterns/data_structures/priority_task_scheduler.py
PASS    0.0s  patterns/data_structures/radix_tree.py
PASS    0.0s  patterns/data_structures/red_black_tree.py
PASS    0.0s  patterns/data_structures/segment_tree.py
PASS    0.0s  patterns/data_structures/skip_list.py
PASS    0.0s  patterns/data_structures/suffix_array.py
PASS    0.0s  patterns/data_structures/treap.py
PASS    0.0s  patterns/data_structures/trie.py
PASS    0.0s  patterns/data_structures/union_find.py
PASS    0.0s  patterns/distributed/consistent_hash_ring.py
PASS    0.0s  patterns/distributed/crdt_sets.py
PASS    5.6s  patterns/distributed/distributed_lock_manager.py
PASS    0.1s  patterns/distributed/g_counter_crdt.py
PASS   13.1s  patterns/distributed/gossip_protocol.py
PASS    0.0s  patterns/distributed/quorum_consensus.py
PASS    3.3s  patterns/distributed/raft_consensus.py
PASS    1.6s  patterns/distributed/service_registry.py
PASS    0.0s  patterns/distributed/vector_clock.py
PASS    0.0s  patterns/io/arg_parser.py
PASS    0.0s  patterns/io/chunked_reader.py
PASS    0.0s  patterns/io/csv_to_json.py
PASS    0.0s  patterns/io/csv_validator.py
PASS    0.0s  patterns/io/diff_engine.py
PASS    0.0s  patterns/io/ini_parser.py
PASS    0.0s  patterns/io/log_parser.py
PASS    0.0s  patterns/io/template_engine.py
PASS    0.6s  patterns/monitoring/alert_manager.py
PASS    0.1s  patterns/monitoring/event_logger.py
PASS    0.0s  patterns/monitoring/log_pattern_matcher.py
PASS    0.0s  patterns/monitoring/metric_aggregation_engine.py
PASS    0.0s  patterns/monitoring/metric_aggregator.py
PASS    0.0s  patterns/monitoring/metrics_formatter.py
PASS    0.0s  patterns/monitoring/time_series_db.py
PASS    0.1s  patterns/monitoring/timer_stack.py
PASS    0.1s  patterns/monitoring/trace_collector.py
PASS    0.0s  patterns/monitoring/trace_sampler.py
PASS    0.3s  patterns/monitoring/trace_span_collector.py
PASS    0.1s  patterns/monitoring/window_sampler.py
PASS    0.0s  patterns/networking/connection_pool.py
PASS    2.1s  patterns/networking/connection_pool_health_checks.py
PASS    0.1s  patterns/networking/dns_cache.py
PASS    4.6s  patterns/networking/http_retry_client.py
PASS    0.1s  patterns/networking/http_router.py
PASS    0.0s  patterns/networking/packet_parser.py
PASS    1.4s  patterns/networking/rate_limiter.py
PASS    0.1s  patterns/networking/rtt_estimator.py
PASS    0.0s  patterns/networking/url_router.py
PASS    0.0s  patterns/performance/batch_controller.py
PASS    0.6s  patterns/performance/budget_allocator.py
PASS    0.0s  patterns/performance/free_list_allocator.py
PASS    0.0s  patterns/performance/hyperloglog.py
PASS   10.1s  patterns/performance/job_scheduler.py
PASS    1.8s  patterns/performance/lru_cache.py
PASS   13.1s  patterns/performance/object_pool_allocator.py
PASS    0.1s  patterns/performance/resource_budget_allocator.py
PASS    0.0s  patterns/performance/rw_lock.py
PASS    3.0s  patterns/performance/token_bucket.py
PASS    0.2s  patterns/performance/work_stealing_queue.py
PASS    0.1s  patterns/persistence/lsm_tree.py
PASS    0.0s  patterns/persistence/segmented_wal.py
PASS    0.0s  patterns/persistence/write_ahead_log.py
PASS    0.0s  patterns/reasoning/astar_pathfinding.py
PASS    0.0s  patterns/reasoning/bayesian_network.py
PASS    0.0s  patterns/reasoning/csp_solver.py
PASS    0.0s  patterns/reasoning/decision_tree.py
PASS    0.0s  patterns/reasoning/dependency_graph.py
PASS    0.0s  patterns/reasoning/expression_evaluator.py
PASS    0.0s  patterns/reasoning/minimax_game_search.py
PASS    0.0s  patterns/reasoning/rule_engine.py
PASS    0.0s  patterns/reasoning/sat_solver.py
PASS    0.8s  patterns/resilience/bulkhead_isolator.py
PASS   13.6s  patterns/resilience/circuit_breaker.py
PASS    5.7s  patterns/resilience/dead_letter_queue.py
PASS    5.2s  patterns/resilience/timeout_guard.py
PASS    0.1s  patterns/security/capability_access.py
PASS   25.1s  patterns/security/hotp_totp.py
PASS    0.1s  patterns/security/secure_envelope.py
PASS    0.0s  patterns/vision/image_stats.py

99/99 PASS
